<?xml version="1.0" encoding="UTF-8"?>
<testsuite xmlns:xsi="http://www.w3.org/2001/XMLSchema-instance" xsi:noNamespaceSchemaLocation="https://maven.apache.org/surefire/maven-surefire-plugin/xsd/surefire-test-report.xsd" name="br.com.restassuredapitesting.runners.AllTests" time="12.976" tests="4" errors="0" skipped="0" failures="0">
  <properties>
    <property name="sun.desktop" value="windows"/>
    <property name="awt.toolkit" value="sun.awt.windows.WToolkit"/>
    <property name="file.encoding.pkg" value="sun.io"/>
    <property name="java.specification.version" value="1.8"/>
    <property name="sun.cpu.isalist" value="amd64"/>
    <property name="sun.jnu.encoding" value="Cp1252"/>
    <property name="java.class.path" value="C:\Users\carol\IdeaProjects\restassuredapitesting\target\test-classes;C:\Users\carol\IdeaProjects\restassuredapitesting\target\classes;C:\Users\carol\.m2\repository\org\projectlombok\lombok\1.18.6\lombok-1.18.6.jar;C:\Users\carol\.m2\repository\com\googlecode\json-simple\json-simple\1.1.1\json-simple-1.1.1.jar;C:\Users\carol\.m2\repository\junit\junit\4.12\junit-4.12.jar;C:\Users\carol\.m2\repository\org\hamcrest\hamcrest-core\1.3\hamcrest-core-1.3.jar;C:\Users\carol\.m2\repository\io\rest-assured\rest-assured\3.1.0\rest-assured-3.1.0.jar;C:\Users\carol\.m2\repository\org\codehaus\groovy\groovy\2.4.12\groovy-2.4.12.jar;C:\Users\carol\.m2\repository\org\codehaus\groovy\groovy-xml\2.4.12\groovy-xml-2.4.12.jar;C:\Users\carol\.m2\repository\org\apache\httpcomponents\httpclient\4.5.3\httpclient-4.5.3.jar;C:\Users\carol\.m2\repository\org\apache\httpcomponents\httpcore\4.4.6\httpcore-4.4.6.jar;C:\Users\carol\.m2\repository\commons-logging\commons-logging\1.2\commons-logging-1.2.jar;C:\Users\carol\.m2\repository\commons-codec\commons-codec\1.9\commons-codec-1.9.jar;C:\Users\carol\.m2\repository\org\apache\httpcomponents\httpmime\4.5.1\httpmime-4.5.1.jar;C:\Users\carol\.m2\repository\org\hamcrest\hamcrest-library\1.3\hamcrest-library-1.3.jar;C:\Users\carol\.m2\repository\org\ccil\cowan\tagsoup\tagsoup\1.2.1\tagsoup-1.2.1.jar;C:\Users\carol\.m2\repository\io\rest-assured\xml-path\3.1.0\xml-path-3.1.0.jar;C:\Users\carol\.m2\repository\javax\xml\bind\jaxb-api\2.2.12\jaxb-api-2.2.12.jar;C:\Users\carol\.m2\repository\io\rest-assured\json-schema-validator\3.1.0\json-schema-validator-3.1.0.jar;C:\Users\carol\.m2\repository\com\github\fge\json-schema-validator\2.2.6\json-schema-validator-2.2.6.jar;C:\Users\carol\.m2\repository\com\google\code\findbugs\jsr305\3.0.0\jsr305-3.0.0.jar;C:\Users\carol\.m2\repository\joda-time\joda-time\2.3\joda-time-2.3.jar;C:\Users\carol\.m2\repository\com\googlecode\libphonenumber\libphonenumber\6.2\libphonenumber-6.2.jar;C:\Users\carol\.m2\repository\com\github\fge\json-schema-core\1.2.5\json-schema-core-1.2.5.jar;C:\Users\carol\.m2\repository\com\github\fge\uri-template\0.9\uri-template-0.9.jar;C:\Users\carol\.m2\repository\com\github\fge\msg-simple\1.1\msg-simple-1.1.jar;C:\Users\carol\.m2\repository\com\github\fge\btf\1.2\btf-1.2.jar;C:\Users\carol\.m2\repository\com\google\guava\guava\16.0.1\guava-16.0.1.jar;C:\Users\carol\.m2\repository\com\github\fge\jackson-coreutils\1.8\jackson-coreutils-1.8.jar;C:\Users\carol\.m2\repository\org\mozilla\rhino\1.7R4\rhino-1.7R4.jar;C:\Users\carol\.m2\repository\javax\mail\mailapi\1.4.3\mailapi-1.4.3.jar;C:\Users\carol\.m2\repository\javax\activation\activation\1.1\activation-1.1.jar;C:\Users\carol\.m2\repository\net\sf\jopt-simple\jopt-simple\4.6\jopt-simple-4.6.jar;C:\Users\carol\.m2\repository\com\github\javafaker\javafaker\1.0.1\javafaker-1.0.1.jar;C:\Users\carol\.m2\repository\org\apache\commons\commons-lang3\3.5\commons-lang3-3.5.jar;C:\Users\carol\.m2\repository\org\yaml\snakeyaml\1.23\snakeyaml-1.23-android.jar;C:\Users\carol\.m2\repository\com\github\mifmif\generex\1.0.2\generex-1.0.2.jar;C:\Users\carol\.m2\repository\dk\brics\automaton\automaton\1.11-8\automaton-1.11-8.jar;C:\Users\carol\.m2\repository\io\rest-assured\json-path\3.1.0\json-path-3.1.0.jar;C:\Users\carol\.m2\repository\org\codehaus\groovy\groovy-json\2.4.12\groovy-json-2.4.12.jar;C:\Users\carol\.m2\repository\io\rest-assured\rest-assured-common\3.1.0\rest-assured-common-3.1.0.jar;C:\Users\carol\.m2\repository\io\qameta\allure\allure-junit4\2.9.0\allure-junit4-2.9.0.jar;C:\Users\carol\.m2\repository\io\qameta\allure\allure-java-commons\2.9.0\allure-java-commons-2.9.0.jar;C:\Users\carol\.m2\repository\io\qameta\allure\allure-model\2.9.0\allure-model-2.9.0.jar;C:\Users\carol\.m2\repository\com\fasterxml\jackson\core\jackson-databind\2.9.7\jackson-databind-2.9.7.jar;C:\Users\carol\.m2\repository\com\fasterxml\jackson\core\jackson-annotations\2.9.0\jackson-annotations-2.9.0.jar;C:\Users\carol\.m2\repository\com\fasterxml\jackson\core\jackson-core\2.9.7\jackson-core-2.9.7.jar;C:\Users\carol\.m2\repository\org\apache\tika\tika-core\1.19.1\tika-core-1.19.1.jar;C:\Users\carol\.m2\repository\org\aspectj\aspectjrt\1.9.1\aspectjrt-1.9.1.jar;C:\Users\carol\.m2\repository\org\jooq\joor-java-8\0.9.9\joor-java-8-0.9.9.jar;C:\Users\carol\.m2\repository\org\slf4j\slf4j-api\1.7.26\slf4j-api-1.7.26.jar;C:\Users\carol\.m2\repository\org\slf4j\slf4j-jdk14\1.7.26\slf4j-jdk14-1.7.26.jar;C:\Users\carol\.m2\repository\org\json\json\20190722\json-20190722.jar;C:\Users\carol\.m2\repository\org\apache\maven\plugins\maven-resources-plugin\3.1.0\maven-resources-plugin-3.1.0.jar;C:\Users\carol\.m2\repository\org\apache\maven\maven-plugin-api\3.0\maven-plugin-api-3.0.jar;C:\Users\carol\.m2\repository\org\apache\maven\maven-artifact\3.0\maven-artifact-3.0.jar;C:\Users\carol\.m2\repository\org\sonatype\sisu\sisu-inject-plexus\1.4.2\sisu-inject-plexus-1.4.2.jar;C:\Users\carol\.m2\repository\org\sonatype\sisu\sisu-inject-bean\1.4.2\sisu-inject-bean-1.4.2.jar;C:\Users\carol\.m2\repository\org\sonatype\sisu\sisu-guice\2.1.7\sisu-guice-2.1.7-noaop.jar;C:\Users\carol\.m2\repository\org\apache\maven\maven-core\3.0\maven-core-3.0.jar;C:\Users\carol\.m2\repository\org\apache\maven\maven-settings\3.0\maven-settings-3.0.jar;C:\Users\carol\.m2\repository\org\apache\maven\maven-settings-builder\3.0\maven-settings-builder-3.0.jar;C:\Users\carol\.m2\repository\org\apache\maven\maven-repository-metadata\3.0\maven-repository-metadata-3.0.jar;C:\Users\carol\.m2\repository\org\apache\maven\maven-model-builder\3.0\maven-model-builder-3.0.jar;C:\Users\carol\.m2\repository\org\apache\maven\maven-aether-provider\3.0\maven-aether-provider-3.0.jar;C:\Users\carol\.m2\repository\org\sonatype\aether\aether-impl\1.7\aether-impl-1.7.jar;C:\Users\carol\.m2\repository\org\sonatype\aether\aether-spi\1.7\aether-spi-1.7.jar;C:\Users\carol\.m2\repository\org\sonatype\aether\aether-api\1.7\aether-api-1.7.jar;C:\Users\carol\.m2\repository\org\sonatype\aether\aether-util\1.7\aether-util-1.7.jar;C:\Users\carol\.m2\repository\org\codehaus\plexus\plexus-classworlds\2.2.3\plexus-classworlds-2.2.3.jar;C:\Users\carol\.m2\repository\org\codehaus\plexus\plexus-component-annotations\1.5.5\plexus-component-annotations-1.5.5.jar;C:\Users\carol\.m2\repository\org\sonatype\plexus\plexus-sec-dispatcher\1.3\plexus-sec-dispatcher-1.3.jar;C:\Users\carol\.m2\repository\org\sonatype\plexus\plexus-cipher\1.4\plexus-cipher-1.4.jar;C:\Users\carol\.m2\repository\org\apache\maven\maven-model\3.0\maven-model-3.0.jar;C:\Users\carol\.m2\repository\org\codehaus\plexus\plexus-utils\3.1.0\plexus-utils-3.1.0.jar;C:\Users\carol\.m2\repository\org\apache\maven\shared\maven-filtering\3.1.1\maven-filtering-3.1.1.jar;C:\Users\carol\.m2\repository\org\apache\maven\shared\maven-shared-utils\3.0.0\maven-shared-utils-3.0.0.jar;C:\Users\carol\.m2\repository\org\sonatype\plexus\plexus-build-api\0.0.7\plexus-build-api-0.0.7.jar;C:\Users\carol\.m2\repository\commons-io\commons-io\2.5\commons-io-2.5.jar;C:\Users\carol\.m2\repository\org\codehaus\plexus\plexus-interpolation\1.24\plexus-interpolation-1.24.jar;"/>
    <property name="java.vm.vendor" value="Amazon.com Inc."/>
    <property name="sun.arch.data.model" value="64"/>
    <property name="user.variant" value=""/>
    <property name="java.vendor.url" value="https://aws.amazon.com/corretto/"/>
    <property name="user.timezone" value=""/>
    <property name="java.vm.specification.version" value="1.8"/>
    <property name="os.name" value="Windows 10"/>
    <property name="user.country" value="BR"/>
    <property name="sun.java.launcher" value="SUN_STANDARD"/>
    <property name="sun.boot.library.path" value="C:\Users\carol\.jdks\corretto-1.8.0_302\jre\bin"/>
    <property name="sun.java.command" value="C:\Users\carol\AppData\Local\Temp\surefire8722501452619705604\surefirebooter7119180059903913214.jar C:\Users\carol\AppData\Local\Temp\surefire8722501452619705604 2021-10-22T13-11-48_686-jvmRun1 surefire5876657290552711918tmp surefire_01581448593385313745tmp"/>
    <property name="surefire.test.class.path" value="C:\Users\carol\IdeaProjects\restassuredapitesting\target\test-classes;C:\Users\carol\IdeaProjects\restassuredapitesting\target\classes;C:\Users\carol\.m2\repository\org\projectlombok\lombok\1.18.6\lombok-1.18.6.jar;C:\Users\carol\.m2\repository\com\googlecode\json-simple\json-simple\1.1.1\json-simple-1.1.1.jar;C:\Users\carol\.m2\repository\junit\junit\4.12\junit-4.12.jar;C:\Users\carol\.m2\repository\org\hamcrest\hamcrest-core\1.3\hamcrest-core-1.3.jar;C:\Users\carol\.m2\repository\io\rest-assured\rest-assured\3.1.0\rest-assured-3.1.0.jar;C:\Users\carol\.m2\repository\org\codehaus\groovy\groovy\2.4.12\groovy-2.4.12.jar;C:\Users\carol\.m2\repository\org\codehaus\groovy\groovy-xml\2.4.12\groovy-xml-2.4.12.jar;C:\Users\carol\.m2\repository\org\apache\httpcomponents\httpclient\4.5.3\httpclient-4.5.3.jar;C:\Users\carol\.m2\repository\org\apache\httpcomponents\httpcore\4.4.6\httpcore-4.4.6.jar;C:\Users\carol\.m2\repository\commons-logging\commons-logging\1.2\commons-logging-1.2.jar;C:\Users\carol\.m2\repository\commons-codec\commons-codec\1.9\commons-codec-1.9.jar;C:\Users\carol\.m2\repository\org\apache\httpcomponents\httpmime\4.5.1\httpmime-4.5.1.jar;C:\Users\carol\.m2\repository\org\hamcrest\hamcrest-library\1.3\hamcrest-library-1.3.jar;C:\Users\carol\.m2\repository\org\ccil\cowan\tagsoup\tagsoup\1.2.1\tagsoup-1.2.1.jar;C:\Users\carol\.m2\repository\io\rest-assured\xml-path\3.1.0\xml-path-3.1.0.jar;C:\Users\carol\.m2\repository\javax\xml\bind\jaxb-api\2.2.12\jaxb-api-2.2.12.jar;C:\Users\carol\.m2\repository\io\rest-assured\json-schema-validator\3.1.0\json-schema-validator-3.1.0.jar;C:\Users\carol\.m2\repository\com\github\fge\json-schema-validator\2.2.6\json-schema-validator-2.2.6.jar;C:\Users\carol\.m2\repository\com\google\code\findbugs\jsr305\3.0.0\jsr305-3.0.0.jar;C:\Users\carol\.m2\repository\joda-time\joda-time\2.3\joda-time-2.3.jar;C:\Users\carol\.m2\repository\com\googlecode\libphonenumber\libphonenumber\6.2\libphonenumber-6.2.jar;C:\Users\carol\.m2\repository\com\github\fge\json-schema-core\1.2.5\json-schema-core-1.2.5.jar;C:\Users\carol\.m2\repository\com\github\fge\uri-template\0.9\uri-template-0.9.jar;C:\Users\carol\.m2\repository\com\github\fge\msg-simple\1.1\msg-simple-1.1.jar;C:\Users\carol\.m2\repository\com\github\fge\btf\1.2\btf-1.2.jar;C:\Users\carol\.m2\repository\com\google\guava\guava\16.0.1\guava-16.0.1.jar;C:\Users\carol\.m2\repository\com\github\fge\jackson-coreutils\1.8\jackson-coreutils-1.8.jar;C:\Users\carol\.m2\repository\org\mozilla\rhino\1.7R4\rhino-1.7R4.jar;C:\Users\carol\.m2\repository\javax\mail\mailapi\1.4.3\mailapi-1.4.3.jar;C:\Users\carol\.m2\repository\javax\activation\activation\1.1\activation-1.1.jar;C:\Users\carol\.m2\repository\net\sf\jopt-simple\jopt-simple\4.6\jopt-simple-4.6.jar;C:\Users\carol\.m2\repository\com\github\javafaker\javafaker\1.0.1\javafaker-1.0.1.jar;C:\Users\carol\.m2\repository\org\apache\commons\commons-lang3\3.5\commons-lang3-3.5.jar;C:\Users\carol\.m2\repository\org\yaml\snakeyaml\1.23\snakeyaml-1.23-android.jar;C:\Users\carol\.m2\repository\com\github\mifmif\generex\1.0.2\generex-1.0.2.jar;C:\Users\carol\.m2\repository\dk\brics\automaton\automaton\1.11-8\automaton-1.11-8.jar;C:\Users\carol\.m2\repository\io\rest-assured\json-path\3.1.0\json-path-3.1.0.jar;C:\Users\carol\.m2\repository\org\codehaus\groovy\groovy-json\2.4.12\groovy-json-2.4.12.jar;C:\Users\carol\.m2\repository\io\rest-assured\rest-assured-common\3.1.0\rest-assured-common-3.1.0.jar;C:\Users\carol\.m2\repository\io\qameta\allure\allure-junit4\2.9.0\allure-junit4-2.9.0.jar;C:\Users\carol\.m2\repository\io\qameta\allure\allure-java-commons\2.9.0\allure-java-commons-2.9.0.jar;C:\Users\carol\.m2\repository\io\qameta\allure\allure-model\2.9.0\allure-model-2.9.0.jar;C:\Users\carol\.m2\repository\com\fasterxml\jackson\core\jackson-databind\2.9.7\jackson-databind-2.9.7.jar;C:\Users\carol\.m2\repository\com\fasterxml\jackson\core\jackson-annotations\2.9.0\jackson-annotations-2.9.0.jar;C:\Users\carol\.m2\repository\com\fasterxml\jackson\core\jackson-core\2.9.7\jackson-core-2.9.7.jar;C:\Users\carol\.m2\repository\org\apache\tika\tika-core\1.19.1\tika-core-1.19.1.jar;C:\Users\carol\.m2\repository\org\aspectj\aspectjrt\1.9.1\aspectjrt-1.9.1.jar;C:\Users\carol\.m2\repository\org\jooq\joor-java-8\0.9.9\joor-java-8-0.9.9.jar;C:\Users\carol\.m2\repository\org\slf4j\slf4j-api\1.7.26\slf4j-api-1.7.26.jar;C:\Users\carol\.m2\repository\org\slf4j\slf4j-jdk14\1.7.26\slf4j-jdk14-1.7.26.jar;C:\Users\carol\.m2\repository\org\json\json\20190722\json-20190722.jar;C:\Users\carol\.m2\repository\org\apache\maven\plugins\maven-resources-plugin\3.1.0\maven-resources-plugin-3.1.0.jar;C:\Users\carol\.m2\repository\org\apache\maven\maven-plugin-api\3.0\maven-plugin-api-3.0.jar;C:\Users\carol\.m2\repository\org\apache\maven\maven-artifact\3.0\maven-artifact-3.0.jar;C:\Users\carol\.m2\repository\org\sonatype\sisu\sisu-inject-plexus\1.4.2\sisu-inject-plexus-1.4.2.jar;C:\Users\carol\.m2\repository\org\sonatype\sisu\sisu-inject-bean\1.4.2\sisu-inject-bean-1.4.2.jar;C:\Users\carol\.m2\repository\org\sonatype\sisu\sisu-guice\2.1.7\sisu-guice-2.1.7-noaop.jar;C:\Users\carol\.m2\repository\org\apache\maven\maven-core\3.0\maven-core-3.0.jar;C:\Users\carol\.m2\repository\org\apache\maven\maven-settings\3.0\maven-settings-3.0.jar;C:\Users\carol\.m2\repository\org\apache\maven\maven-settings-builder\3.0\maven-settings-builder-3.0.jar;C:\Users\carol\.m2\repository\org\apache\maven\maven-repository-metadata\3.0\maven-repository-metadata-3.0.jar;C:\Users\carol\.m2\repository\org\apache\maven\maven-model-builder\3.0\maven-model-builder-3.0.jar;C:\Users\carol\.m2\repository\org\apache\maven\maven-aether-provider\3.0\maven-aether-provider-3.0.jar;C:\Users\carol\.m2\repository\org\sonatype\aether\aether-impl\1.7\aether-impl-1.7.jar;C:\Users\carol\.m2\repository\org\sonatype\aether\aether-spi\1.7\aether-spi-1.7.jar;C:\Users\carol\.m2\repository\org\sonatype\aether\aether-api\1.7\aether-api-1.7.jar;C:\Users\carol\.m2\repository\org\sonatype\aether\aether-util\1.7\aether-util-1.7.jar;C:\Users\carol\.m2\repository\org\codehaus\plexus\plexus-classworlds\2.2.3\plexus-classworlds-2.2.3.jar;C:\Users\carol\.m2\repository\org\codehaus\plexus\plexus-component-annotations\1.5.5\plexus-component-annotations-1.5.5.jar;C:\Users\carol\.m2\repository\org\sonatype\plexus\plexus-sec-dispatcher\1.3\plexus-sec-dispatcher-1.3.jar;C:\Users\carol\.m2\repository\org\sonatype\plexus\plexus-cipher\1.4\plexus-cipher-1.4.jar;C:\Users\carol\.m2\repository\org\apache\maven\maven-model\3.0\maven-model-3.0.jar;C:\Users\carol\.m2\repository\org\codehaus\plexus\plexus-utils\3.1.0\plexus-utils-3.1.0.jar;C:\Users\carol\.m2\repository\org\apache\maven\shared\maven-filtering\3.1.1\maven-filtering-3.1.1.jar;C:\Users\carol\.m2\repository\org\apache\maven\shared\maven-shared-utils\3.0.0\maven-shared-utils-3.0.0.jar;C:\Users\carol\.m2\repository\org\sonatype\plexus\plexus-build-api\0.0.7\plexus-build-api-0.0.7.jar;C:\Users\carol\.m2\repository\commons-io\commons-io\2.5\commons-io-2.5.jar;C:\Users\carol\.m2\repository\org\codehaus\plexus\plexus-interpolation\1.24\plexus-interpolation-1.24.jar;"/>
    <property name="test" value="AllTests"/>
    <property name="allure.results.directory" value="C:\Users\carol\IdeaProjects\restassuredapitesting\target/allure-results"/>
    <property name="sun.cpu.endian" value="little"/>
    <property name="user.home" value="C:\Users\carol"/>
    <property name="user.language" value="pt"/>
    <property name="java.specification.vendor" value="Oracle Corporation"/>
    <property name="java.home" value="C:\Users\carol\.jdks\corretto-1.8.0_302\jre"/>
    <property name="basedir" value="C:\Users\carol\IdeaProjects\restassuredapitesting"/>
    <property name="file.separator" value="\"/>
    <property name="line.separator" value="&#10;"/>
    <property name="java.vm.specification.vendor" value="Oracle Corporation"/>
    <property name="java.specification.name" value="Java Platform API Specification"/>
    <property name="java.awt.graphicsenv" value="sun.awt.Win32GraphicsEnvironment"/>
    <property name="surefire.real.class.path" value="C:\Users\carol\AppData\Local\Temp\surefire8722501452619705604\surefirebooter7119180059903913214.jar;C:\Users\carol\.m2\repository/org/aspectj/aspectjweaver/1.9.1/aspectjweaver-1.9.1.jar"/>
    <property name="sun.boot.class.path" value="C:\Users\carol\.jdks\corretto-1.8.0_302\jre\lib\resources.jar;C:\Users\carol\.jdks\corretto-1.8.0_302\jre\lib\rt.jar;C:\Users\carol\.jdks\corretto-1.8.0_302\jre\lib\sunrsasign.jar;C:\Users\carol\.jdks\corretto-1.8.0_302\jre\lib\jsse.jar;C:\Users\carol\.jdks\corretto-1.8.0_302\jre\lib\jce.jar;C:\Users\carol\.jdks\corretto-1.8.0_302\jre\lib\charsets.jar;C:\Users\carol\.jdks\corretto-1.8.0_302\jre\lib\jfr.jar;C:\Users\carol\.jdks\corretto-1.8.0_302\jre\classes"/>
    <property name="user.script" value=""/>
    <property name="sun.management.compiler" value="HotSpot 64-Bit Tiered Compilers"/>
    <property name="java.runtime.version" value="1.8.0_302-b08"/>
    <property name="user.name" value="carol"/>
    <property name="path.separator" value=";"/>
    <property name="os.version" value="10.0"/>
    <property name="java.endorsed.dirs" value="C:\Users\carol\.jdks\corretto-1.8.0_302\jre\lib\endorsed"/>
    <property name="java.runtime.name" value="OpenJDK Runtime Environment"/>
    <property name="file.encoding" value="Cp1252"/>
    <property name="java.vm.name" value="OpenJDK 64-Bit Server VM"/>
    <property name="localRepository" value="C:\Users\carol\.m2\repository"/>
    <property name="java.vendor.url.bug" value="https://github.com/corretto/corretto-8/issues/"/>
    <property name="java.io.tmpdir" value="C:\Users\carol\AppData\Local\Temp\"/>
    <property name="idea.version" value="2021.2.2"/>
    <property name="java.version" value="1.8.0_302"/>
    <property name="user.dir" value="C:\Users\carol\IdeaProjects\restassuredapitesting"/>
    <property name="os.arch" value="amd64"/>
    <property name="java.vm.specification.name" value="Java Virtual Machine Specification"/>
    <property name="java.awt.printerjob" value="sun.awt.windows.WPrinterJob"/>
    <property name="sun.os.patch.level" value=""/>
    <property name="java.library.path" value="C:\Users\carol\.jdks\corretto-1.8.0_302\jre\bin;C:\WINDOWS\Sun\Java\bin;C:\WINDOWS\system32;C:\WINDOWS;C:\Program Files\Common Files\Oracle\Java\javapath;C:\Python27\;C:\Python27\Scripts;C:\Program Files (x86)\Common Files\Oracle\Java\javapath;C:\WINDOWS\system32;C:\WINDOWS;C:\WINDOWS\System32\Wbem;C:\WINDOWS\System32\WindowsPowerShell\v1.0\;C:\WINDOWS\System32\OpenSSH\;C:\Program Files\dotnet\;C:\Program Files\Microsoft SQL Server\130\Tools\Binn\;C:\Program Files\MiKTeX 2.9\miktex\bin\x64\;C:\ProgramData\chocolatey\bin;C:\Program Files\Amazon\AWSCLI\bin\;C:\Program Files\Microsoft SQL Server\Client SDK\ODBC\170\Tools\Binn\;C:\Program Files (x86)\Microsoft SQL Server\150\DTS\Binn\;C:\Program Files\Java\jre1.8.0_301\bin;C:\Program Files\nodejs\;C:\Program Files\Git\cmd;C:\Users\carol\scoop\shims;C:\Users\carol\AppData\Local\Microsoft\WindowsApps;;C:\Program Files\JetBrains\IntelliJ IDEA Community Edition 2021.2.2\bin;;C:\Users\carol\AppData\Roaming\npm;C:\Users\carol\AppData\Local\Programs\Microsoft VS Code\bin;."/>
    <property name="java.vm.info" value="mixed mode"/>
    <property name="java.vendor" value="Amazon.com Inc."/>
    <property name="java.vm.version" value="25.302-b08"/>
    <property name="java.ext.dirs" value="C:\Users\carol\.jdks\corretto-1.8.0_302\jre\lib\ext;C:\WINDOWS\Sun\Java\lib\ext"/>
    <property name="sun.io.unicode.encoding" value="UnicodeLittle"/>
    <property name="java.class.version" value="52.0"/>
  </properties>
  <testcase name="validaApiOnline" classname="br.com.restassuredapitesting.tests.ping.tests.GetPingTest" time="4.507"/>
  <testcase name="validaListagemDeIdsDasReservas" classname="br.com.restassuredapitesting.tests.booking.tests.GetBookingTest" time="2.058"/>
  <testcase name="validaSchemaDaListagemDeReservas" classname="br.com.restassuredapitesting.tests.booking.tests.GetBookingTest" time="1.887"/>
  <testcase name="validarAlteracaoDeUmaReservaUtilizandoToken" classname="br.com.restassuredapitesting.tests.booking.tests.PutBookingTest" time="2.689"/>
</testsuite>